<?xml version="1.0" encoding="UTF-8"?>
<testsuite xmlns:xsi="http://www.w3.org/2001/XMLSchema-instance" xsi:noNamespaceSchemaLocation="https://maven.apache.org/surefire/maven-surefire-plugin/xsd/surefire-test-report.xsd" name="tricountapp.AppTest" time="0.084" tests="1" errors="0" skipped="0" failures="0">
  <properties>
    <property name="java.specification.version" value="17"/>
    <property name="sun.cpu.isalist" value="amd64"/>
    <property name="sun.jnu.encoding" value="Cp1252"/>
    <property name="java.class.path" value="C:\Users\Terence Laurent\OneDrive - HESSO\Semestre 1\Fondements de la programmation\TRICOUNT\my-book\target\test-classes;C:\Users\Terence Laurent\OneDrive - HESSO\Semestre 1\Fondements de la programmation\TRICOUNT\my-book\target\classes;C:\Users\Terence Laurent\.m2\repository\junit\junit\4.11\junit-4.11.jar;C:\Users\Terence Laurent\.m2\repository\org\hamcrest\hamcrest-core\1.3\hamcrest-core-1.3.jar;"/>
    <property name="java.vm.vendor" value="Oracle Corporation"/>
    <property name="sun.arch.data.model" value="64"/>
    <property name="user.variant" value=""/>
    <property name="java.vendor.url" value="https://java.oracle.com/"/>
    <property name="user.timezone" value="Europe/Zurich"/>
    <property name="os.name" value="Windows 11"/>
    <property name="java.vm.specification.version" value="17"/>
    <property name="sun.java.launcher" value="SUN_STANDARD"/>
    <property name="user.country" value="FR"/>
    <property name="sun.boot.library.path" value="C:\Program Files\Java\jdk-17.0.5\bin"/>
    <property name="sun.java.command" value="C:\Users\TERENC~1\AppData\Local\Temp\surefire12837781196674669937\surefirebooter14752374004608698974.jar C:\Users\Terence Laurent\AppData\Local\Temp\surefire12837781196674669937 2023-01-14T12-50-55_284-jvmRun1 surefire12459668878525030147tmp surefire_07791253470167037848tmp"/>
    <property name="jdk.debug" value="release"/>
    <property name="surefire.test.class.path" value="C:\Users\Terence Laurent\OneDrive - HESSO\Semestre 1\Fondements de la programmation\TRICOUNT\my-book\target\test-classes;C:\Users\Terence Laurent\OneDrive - HESSO\Semestre 1\Fondements de la programmation\TRICOUNT\my-book\target\classes;C:\Users\Terence Laurent\.m2\repository\junit\junit\4.11\junit-4.11.jar;C:\Users\Terence Laurent\.m2\repository\org\hamcrest\hamcrest-core\1.3\hamcrest-core-1.3.jar;"/>
    <property name="sun.cpu.endian" value="little"/>
    <property name="user.home" value="C:\Users\Terence Laurent"/>
    <property name="user.language" value="fr"/>
    <property name="java.specification.vendor" value="Oracle Corporation"/>
    <property name="java.version.date" value="2022-10-18"/>
    <property name="java.home" value="C:\Program Files\Java\jdk-17.0.5"/>
    <property name="file.separator" value="\"/>
    <property name="basedir" value="C:\Users\Terence Laurent\OneDrive - HESSO\Semestre 1\Fondements de la programmation\TRICOUNT\my-book"/>
    <property name="java.vm.compressedOopsMode" value="Zero based"/>
    <property name="line.separator" value="&#10;"/>
    <property name="java.vm.specification.vendor" value="Oracle Corporation"/>
    <property name="java.specification.name" value="Java Platform API Specification"/>
    <property name="surefire.real.class.path" value="C:\Users\TERENC~1\AppData\Local\Temp\surefire12837781196674669937\surefirebooter14752374004608698974.jar"/>
    <property name="user.script" value=""/>
    <property name="sun.management.compiler" value="HotSpot 64-Bit Tiered Compilers"/>
    <property name="java.runtime.version" value="17.0.5+9-LTS-191"/>
    <property name="user.name" value="Terence Laurent"/>
    <property name="path.separator" value=";"/>
    <property name="os.version" value="10.0"/>
    <property name="java.runtime.name" value="Java(TM) SE Runtime Environment"/>
    <property name="file.encoding" value="Cp1252"/>
    <property name="java.vm.name" value="Java HotSpot(TM) 64-Bit Server VM"/>
    <property name="localRepository" value="C:\Users\Terence Laurent\.m2\repository"/>
    <property name="java.vendor.url.bug" value="https://bugreport.java.com/bugreport/"/>
    <property name="java.io.tmpdir" value="C:\Users\TERENC~1\AppData\Local\Temp\"/>
    <property name="java.version" value="17.0.5"/>
    <property name="user.dir" value="C:\Users\Terence Laurent\OneDrive - HESSO\Semestre 1\Fondements de la programmation\TRICOUNT\my-book"/>
    <property name="os.arch" value="amd64"/>
    <property name="java.vm.specification.name" value="Java Virtual Machine Specification"/>
    <property name="sun.os.patch.level" value=""/>
    <property name="native.encoding" value="Cp1252"/>
    <property name="java.library.path" value="C:\Program Files\Java\jdk-17.0.5\bin;C:\WINDOWS\Sun\Java\bin;C:\WINDOWS\system32;C:\WINDOWS;C:\Program Files\Common Files\Oracle\Java\javapath;C:\Program Files (x86)\Common Files\Intel\Shared Libraries\redist\intel64\compiler;C:\WINDOWS\system32;C:\WINDOWS;C:\WINDOWS\System32\Wbem;C:\WINDOWS\System32\WindowsPowerShell\v1.0\;C:\WINDOWS\System32\OpenSSH\;C:\Program Files\Intel\WiFi\bin\;C:\Program Files\Common Files\Intel\WirelessCommon\;C:\Program Files (x86)\Intel\Intel(R) Management Engine Components\DAL;C:\Program Files\Intel\Intel(R) Management Engine Components\DAL;C:\Program Files\nodejs\;C:\ProgramData\chocolatey\bin;C:\Program Files\Git\cmd;C:\Program Files\Git;C:\Users\Terence Laurent\AppData\Local\Android\Sdk\licenses;C:\Users\Terence Laurent\.vscode\extensions\xdebug.php-debug-1.25.0\out;C:\Program Files\Java\jdk-17.0.5\\bin;C:\Program Files\dotnet\;C:\Users\Terence Laurent\AppData\Local\Programs\Notion;C:\ProgramData\ComposerSetup\bin;C:\Program Files (x86)\Pulse Secure\VC142.CRT\X64\;C:\Program Files (x86)\Pulse Secure\VC142.CRT\X86\;C:\Program Files (x86)\Common Files\Pulse Secure\TNC Client Plugin\;C:\Program Files\PuTTY\;C:\Gradle\gradle-7.6\bin;C:\Program Files\Maven\apache-maven-3.8.7\bin;C:\Program Files\OpenSSH-Win64;C:\Users\Terence Laurent\AppData\Local\Programs\Python\Python311\Scripts\;C:\Users\Terence Laurent\AppData\Local\Programs\Python\Python311\;C:\Program Files\MySQL\MySQL Shell 8.0\bin\;C:\Users\Terence Laurent\.symfony5\tmp\caahocala511e45rvrag\bin;C:\Program Files\PHP;C:\Program Files\Java\jdk-11\bin;C:\Users\Terence Laurent\AppData\Local\Programs\Python\Python310\Scripts\;C:\Users\Terence Laurent\AppData\Local\Programs\Pyth;C:\Users\Terence Laurent\AppData\Local\Programs\Microsoft VS Code;C:\symfony;C:\Users\Terence Laurent\AppData\Local\Programs\Microsoft VS Code\bin;C:\Program Files\heroku\client\bin;C:\Program Files (x86)\Nmap;C:\Users\Terence Laurent\AppData\Local\Microsoft\WindowsApps;C:\Users\Terence Laurent\AppData\Local\Pandoc\;."/>
    <property name="java.vm.info" value="mixed mode, sharing"/>
    <property name="java.vendor" value="Oracle Corporation"/>
    <property name="java.vm.version" value="17.0.5+9-LTS-191"/>
    <property name="sun.io.unicode.encoding" value="UnicodeLittle"/>
    <property name="java.class.version" value="61.0"/>
  </properties>
  <testcase name="shouldAnswerWithTrue" classname="tricountapp.AppTest" time="0.003"/>
</testsuite>